<?xml version="1.0" encoding="UTF-8"?>
<testng-results skipped="0" failed="0" ignored="0" total="1" passed="1">
  <reporter-output>
  </reporter-output>
  <suite name="Suite" duration-ms="20657" started-at="2019-01-04T17:19:32Z" finished-at="2019-01-04T17:19:53Z">
    <groups>
    </groups>
    <test name="Test" duration-ms="20657" started-at="2019-01-04T17:19:32Z" finished-at="2019-01-04T17:19:53Z">
      <class name="com.TestCases.Tc_01_ValidateSignIn">
        <test-method status="PASS" signature="validate_Signin()[pri:0, instance:com.TestCases.Tc_01_ValidateSignIn@42d80b78]" name="validate_Signin" duration-ms="18778" started-at="2019-01-04T17:19:33Z" finished-at="2019-01-04T17:19:52Z">
          <reporter-output>
          </reporter-output>
        </test-method> <!-- validate_Signin -->
      </class> <!-- com.TestCases.Tc_01_ValidateSignIn -->
    </test> <!-- Test -->
  </suite> <!-- Suite -->
</testng-results>
